<?xml version="1.0" encoding="UTF-8"?>
<coverage generated="1718386258689" clover="3.2.0">
  <project timestamp="1718386258689" name="All files">
    <metrics statements="588" coveredstatements="548" conditionals="78" coveredconditionals="64" methods="185" coveredmethods="168" elements="851" coveredelements="780" complexity="0" loc="588" ncloc="588" packages="17" files="29" classes="29"/>
    <package name="cow006">
      <metrics statements="22" coveredstatements="22" conditionals="4" coveredconditionals="4" methods="2" coveredmethods="2"/>
      <file name="types.ts" path="E:\кот\cow006\types.ts">
        <metrics statements="22" coveredstatements="22" conditionals="4" coveredconditionals="4" methods="2" coveredmethods="2"/>
        <line num="27" count="2" type="cond" truecount="2" falsecount="0"/>
        <line num="28" count="2" type="stmt"/>
        <line num="29" count="2" type="stmt"/>
        <line num="30" count="2" type="stmt"/>
        <line num="31" count="2" type="stmt"/>
        <line num="32" count="2" type="stmt"/>
        <line num="33" count="2" type="stmt"/>
        <line num="34" count="2" type="stmt"/>
        <line num="35" count="2" type="stmt"/>
        <line num="36" count="2" type="stmt"/>
        <line num="37" count="2" type="stmt"/>
        <line num="38" count="2" type="stmt"/>
        <line num="39" count="2" type="stmt"/>
        <line num="42" count="2" type="cond" truecount="2" falsecount="0"/>
        <line num="43" count="2" type="stmt"/>
        <line num="44" count="2" type="stmt"/>
        <line num="45" count="2" type="stmt"/>
        <line num="46" count="2" type="stmt"/>
        <line num="47" count="2" type="stmt"/>
        <line num="48" count="2" type="stmt"/>
        <line num="49" count="2" type="stmt"/>
        <line num="50" count="2" type="stmt"/>
      </file>
    </package>
    <package name="cow006.src.Adds.Reports">
      <metrics statements="16" coveredstatements="15" conditionals="0" coveredconditionals="0" methods="14" coveredmethods="13"/>
      <file name="reportMessages.ts" path="E:\кот\cow006\src\Adds\Reports\reportMessages.ts">
        <metrics statements="1" coveredstatements="1" conditionals="0" coveredconditionals="0" methods="0" coveredmethods="0"/>
        <line num="16" count="10" type="stmt"/>
      </file>
      <file name="webSocketResponseMessage.ts" path="E:\кот\cow006\src\Adds\Reports\webSocketResponseMessage.ts">
        <metrics statements="15" coveredstatements="14" conditionals="0" coveredconditionals="0" methods="14" coveredmethods="13"/>
        <line num="1" count="3" type="stmt"/>
        <line num="3" count="1" type="stmt"/>
        <line num="5" count="1" type="stmt"/>
        <line num="6" count="1" type="stmt"/>
        <line num="7" count="1" type="stmt"/>
        <line num="8" count="2" type="stmt"/>
        <line num="9" count="2" type="stmt"/>
        <line num="10" count="1" type="stmt"/>
        <line num="11" count="2" type="stmt"/>
        <line num="12" count="1" type="stmt"/>
        <line num="13" count="1" type="stmt"/>
        <line num="14" count="1" type="stmt"/>
        <line num="15" count="1" type="stmt"/>
        <line num="16" count="1" type="stmt"/>
        <line num="17" count="0" type="stmt"/>
      </file>
    </package>
    <package name="cow006.src.Adds.Reports.webSocketResponseDataCreators">
      <metrics statements="20" coveredstatements="20" conditionals="2" coveredconditionals="2" methods="2" coveredmethods="2"/>
      <file name="gameStartedInfoForResponseCreator.ts" path="E:\кот\cow006\src\Adds\Reports\webSocketResponseDataCreators\gameStartedInfoForResponseCreator.ts">
        <metrics statements="18" coveredstatements="18" conditionals="2" coveredconditionals="2" methods="1" coveredmethods="1"/>
        <line num="5" count="1" type="stmt"/>
        <line num="6" count="1" type="stmt"/>
        <line num="7" count="1" type="stmt"/>
        <line num="8" count="1" type="stmt"/>
        <line num="9" count="1" type="stmt"/>
        <line num="10" count="1" type="stmt"/>
        <line num="11" count="4" type="stmt"/>
        <line num="12" count="4" type="stmt"/>
        <line num="13" count="4" type="stmt"/>
        <line num="14" count="20" type="cond" truecount="2" falsecount="0"/>
        <line num="15" count="16" type="stmt"/>
        <line num="18" count="4" type="stmt"/>
        <line num="25" count="1" type="stmt"/>
        <line num="26" count="3" type="stmt"/>
        <line num="27" count="3" type="stmt"/>
        <line num="28" count="30" type="stmt"/>
        <line num="33" count="3" type="stmt"/>
        <line num="40" count="1" type="stmt"/>
      </file>
      <file name="roomCreatedForResponse.ts" path="E:\кот\cow006\src\Adds\Reports\webSocketResponseDataCreators\roomCreatedForResponse.ts">
        <metrics statements="2" coveredstatements="2" conditionals="0" coveredconditionals="0" methods="1" coveredmethods="1"/>
        <line num="4" count="1" type="stmt"/>
        <line num="5" count="1" type="stmt"/>
      </file>
    </package>
    <package name="cow006.src.Entities.Card">
      <metrics statements="5" coveredstatements="5" conditionals="0" coveredconditionals="0" methods="3" coveredmethods="3"/>
      <file name="model.ts" path="E:\кот\cow006\src\Entities\Card\model.ts">
        <metrics statements="5" coveredstatements="5" conditionals="0" coveredconditionals="0" methods="3" coveredmethods="3"/>
        <line num="3" count="13" type="stmt"/>
        <line num="7" count="4426" type="stmt"/>
        <line num="8" count="4426" type="stmt"/>
        <line num="11" count="555" type="stmt"/>
        <line num="14" count="42" type="stmt"/>
      </file>
    </package>
    <package name="cow006.src.Entities.Game">
      <metrics statements="191" coveredstatements="174" conditionals="17" coveredconditionals="14" methods="58" coveredmethods="46"/>
      <file name="CheckingPoolStageStrategy.ts" path="E:\кот\cow006\src\Entities\Game\CheckingPoolStageStrategy.ts">
        <metrics statements="49" coveredstatements="45" conditionals="7" coveredconditionals="6" methods="9" coveredmethods="6"/>
        <line num="2" count="4" type="stmt"/>
        <line num="3" count="4" type="stmt"/>
        <line num="8" count="4" type="stmt"/>
        <line num="12" count="4" type="stmt"/>
        <line num="21" count="7" type="stmt"/>
        <line num="22" count="7" type="stmt"/>
        <line num="23" count="7" type="stmt"/>
        <line num="24" count="7" type="stmt"/>
        <line num="25" count="7" type="stmt"/>
        <line num="26" count="7" type="stmt"/>
        <line num="27" count="7" type="stmt"/>
        <line num="30" count="0" type="stmt"/>
        <line num="33" count="8" type="cond" truecount="1" falsecount="0"/>
        <line num="34" count="4" type="stmt"/>
        <line num="35" count="4" type="cond" truecount="1" falsecount="0"/>
        <line num="36" count="1" type="stmt"/>
        <line num="38" count="4" type="stmt"/>
        <line num="40" count="8" type="stmt"/>
        <line num="44" count="0" type="stmt"/>
        <line num="51" count="0" type="stmt"/>
        <line num="55" count="7" type="stmt"/>
        <line num="58" count="1" type="stmt"/>
        <line num="65" count="8" type="cond" truecount="0" falsecount="1"/>
        <line num="66" count="0" type="stmt"/>
        <line num="72" count="8" type="stmt"/>
        <line num="73" count="8" type="stmt"/>
        <line num="74" count="8" type="stmt"/>
        <line num="75" count="8" type="stmt"/>
        <line num="76" count="32" type="stmt"/>
        <line num="78" count="32" type="cond" truecount="3" falsecount="0"/>
        <line num="81" count="7" type="stmt"/>
        <line num="82" count="7" type="stmt"/>
        <line num="85" count="8" type="cond" truecount="1" falsecount="0"/>
        <line num="86" count="1" type="stmt"/>
        <line num="87" count="1" type="stmt"/>
        <line num="88" count="1" type="stmt"/>
        <line num="94" count="7" type="stmt"/>
        <line num="95" count="7" type="stmt"/>
        <line num="96" count="7" type="stmt"/>
        <line num="98" count="7" type="stmt"/>
        <line num="99" count="7" type="stmt"/>
        <line num="106" count="1" type="stmt"/>
        <line num="107" count="1" type="stmt"/>
        <line num="108" count="1" type="stmt"/>
        <line num="109" count="1" type="stmt"/>
        <line num="110" count="1" type="stmt"/>
        <line num="111" count="1" type="stmt"/>
        <line num="112" count="1" type="stmt"/>
        <line num="113" count="1" type="stmt"/>
      </file>
      <file name="EndGameStateStrategy.ts" path="E:\кот\cow006\src\Entities\Game\EndGameStateStrategy.ts">
        <metrics statements="24" coveredstatements="24" conditionals="2" coveredconditionals="2" methods="7" coveredmethods="7"/>
        <line num="2" count="4" type="stmt"/>
        <line num="9" count="4" type="stmt"/>
        <line num="13" count="2" type="stmt"/>
        <line num="14" count="2" type="stmt"/>
        <line num="17" count="1" type="stmt"/>
        <line num="25" count="1" type="stmt"/>
        <line num="32" count="1" type="stmt"/>
        <line num="39" count="1" type="stmt"/>
        <line num="46" count="3" type="stmt"/>
        <line num="47" count="3" type="stmt"/>
        <line num="48" count="3" type="stmt"/>
        <line num="49" count="6" type="stmt"/>
        <line num="50" count="6" type="stmt"/>
        <line num="57" count="3" type="stmt"/>
        <line num="58" count="3" type="stmt"/>
        <line num="59" count="3" type="stmt"/>
        <line num="60" count="6" type="cond" truecount="1" falsecount="0"/>
        <line num="61" count="4" type="stmt"/>
        <line num="62" count="4" type="stmt"/>
        <line num="65" count="3" type="stmt"/>
        <line num="66" count="6" type="cond" truecount="1" falsecount="0"/>
        <line num="67" count="3" type="stmt"/>
        <line num="70" count="3" type="stmt"/>
        <line num="73" count="2" type="stmt"/>
      </file>
      <file name="PrepearingGameStateStrategy.ts" path="E:\кот\cow006\src\Entities\Game\PrepearingGameStateStrategy.ts">
        <metrics statements="27" coveredstatements="24" conditionals="0" coveredconditionals="0" methods="7" coveredmethods="4"/>
        <line num="2" count="4" type="stmt"/>
        <line num="3" count="4" type="stmt"/>
        <line num="5" count="4" type="stmt"/>
        <line num="8" count="4" type="stmt"/>
        <line num="9" count="4" type="stmt"/>
        <line num="13" count="4" type="stmt"/>
        <line num="17" count="42" type="stmt"/>
        <line num="18" count="42" type="stmt"/>
        <line num="21" count="0" type="stmt"/>
        <line num="28" count="15" type="stmt"/>
        <line num="29" count="15" type="stmt"/>
        <line num="30" count="31" type="stmt"/>
        <line num="31" count="31" type="stmt"/>
        <line num="32" count="310" type="stmt"/>
        <line num="33" count="310" type="stmt"/>
        <line num="35" count="31" type="stmt"/>
        <line num="37" count="15" type="stmt"/>
        <line num="38" count="60" type="stmt"/>
        <line num="39" count="60" type="stmt"/>
        <line num="41" count="15" type="stmt"/>
        <line num="42" count="15" type="stmt"/>
        <line num="43" count="15" type="stmt"/>
        <line num="44" count="15" type="stmt"/>
        <line num="51" count="1" type="stmt"/>
        <line num="54" count="0" type="stmt"/>
        <line num="57" count="0" type="stmt"/>
        <line num="64" count="1" type="stmt"/>
      </file>
      <file name="ProcessGameStateStrategy.ts" path="E:\кот\cow006\src\Entities\Game\ProcessGameStateStrategy.ts">
        <metrics statements="21" coveredstatements="19" conditionals="3" coveredconditionals="3" methods="8" coveredmethods="6"/>
        <line num="2" count="4" type="stmt"/>
        <line num="3" count="4" type="stmt"/>
        <line num="7" count="4" type="stmt"/>
        <line num="11" count="4" type="stmt"/>
        <line num="15" count="20" type="stmt"/>
        <line num="16" count="20" type="stmt"/>
        <line num="19" count="0" type="stmt"/>
        <line num="26" count="1" type="stmt"/>
        <line num="33" count="0" type="stmt"/>
        <line num="36" count="19" type="stmt"/>
        <line num="39" count="16" type="stmt"/>
        <line num="40" count="16" type="cond" truecount="2" falsecount="0"/>
        <line num="41" count="1" type="stmt"/>
        <line num="44" count="15" type="stmt"/>
        <line num="45" count="15" type="cond" truecount="1" falsecount="0"/>
        <line num="46" count="7" type="stmt"/>
        <line num="47" count="7" type="stmt"/>
        <line num="52" count="7" type="stmt"/>
        <line num="54" count="8" type="stmt"/>
        <line num="58" count="2" type="stmt"/>
        <line num="65" count="31" type="stmt"/>
      </file>
      <file name="model.ts" path="E:\кот\cow006\src\Entities\Game\model.ts">
        <metrics statements="70" coveredstatements="62" conditionals="5" coveredconditionals="3" methods="27" coveredmethods="23"/>
        <line num="2" count="4" type="stmt"/>
        <line num="3" count="4" type="stmt"/>
        <line num="4" count="4" type="stmt"/>
        <line num="7" count="4" type="stmt"/>
        <line num="10" count="4" type="stmt"/>
        <line num="13" count="4" type="stmt"/>
        <line num="14" count="4" type="stmt"/>
        <line num="15" count="4" type="stmt"/>
        <line num="18" count="4" type="stmt"/>
        <line num="33" count="41" type="stmt"/>
        <line num="34" count="41" type="stmt"/>
        <line num="35" count="41" type="stmt"/>
        <line num="36" count="41" type="stmt"/>
        <line num="37" count="41" type="stmt"/>
        <line num="38" count="41" type="stmt"/>
        <line num="40" count="41" type="cond" truecount="2" falsecount="1"/>
        <line num="42" count="22" type="stmt"/>
        <line num="43" count="22" type="stmt"/>
        <line num="46" count="19" type="stmt"/>
        <line num="47" count="19" type="stmt"/>
        <line num="48" count="19" type="stmt"/>
        <line num="51" count="0" type="stmt"/>
        <line num="52" count="0" type="stmt"/>
        <line num="55" count="41" type="stmt"/>
        <line num="56" count="41" type="stmt"/>
        <line num="57" count="41" type="stmt"/>
        <line num="58" count="41" type="stmt"/>
        <line num="59" count="41" type="stmt"/>
        <line num="61" count="41" type="stmt"/>
        <line num="65" count="2" type="stmt"/>
        <line num="68" count="0" type="stmt"/>
        <line num="71" count="0" type="stmt"/>
        <line num="74" count="15" type="stmt"/>
        <line num="78" count="28" type="stmt"/>
        <line num="79" count="28" type="stmt"/>
        <line num="82" count="15" type="stmt"/>
        <line num="83" count="15" type="stmt"/>
        <line num="86" count="1" type="stmt"/>
        <line num="89" count="15" type="stmt"/>
        <line num="92" count="4" type="stmt"/>
        <line num="95" count="37" type="stmt"/>
        <line num="98" count="2" type="stmt"/>
        <line num="101" count="2" type="stmt"/>
        <line num="104" count="761" type="stmt"/>
        <line num="107" count="8" type="stmt"/>
        <line num="110" count="0" type="stmt"/>
        <line num="113" count="15" type="stmt"/>
        <line num="116" count="45" type="stmt"/>
        <line num="119" count="74" type="stmt"/>
        <line num="122" count="11" type="stmt"/>
        <line num="125" count="3" type="stmt"/>
        <line num="128" count="28" type="stmt"/>
        <line num="129" count="28" type="stmt"/>
        <line num="130" count="28" type="stmt"/>
        <line num="133" count="0" type="stmt"/>
        <line num="137" count="1" type="cond" truecount="1" falsecount="1"/>
        <line num="138" count="1" type="stmt"/>
        <line num="139" count="1" type="stmt"/>
        <line num="140" count="2" type="stmt"/>
        <line num="141" count="2" type="stmt"/>
        <line num="142" count="20" type="stmt"/>
        <line num="143" count="20" type="stmt"/>
        <line num="145" count="2" type="stmt"/>
        <line num="147" count="1" type="stmt"/>
        <line num="154" count="0" type="stmt"/>
        <line num="155" count="0" type="stmt"/>
        <line num="163" count="4" type="stmt"/>
        <line num="167" count="4" type="stmt"/>
        <line num="168" count="4" type="stmt"/>
        <line num="171" count="2" type="stmt"/>
      </file>
    </package>
    <package name="cow006.src.Entities.GameParty">
      <metrics statements="33" coveredstatements="32" conditionals="3" coveredconditionals="3" methods="17" coveredmethods="16"/>
      <file name="model.ts" path="E:\кот\cow006\src\Entities\GameParty\model.ts">
        <metrics statements="33" coveredstatements="32" conditionals="3" coveredconditionals="3" methods="17" coveredmethods="16"/>
        <line num="2" count="6" type="stmt"/>
        <line num="3" count="6" type="stmt"/>
        <line num="7" count="6" type="stmt"/>
        <line num="9" count="36" type="stmt"/>
        <line num="10" count="36" type="stmt"/>
        <line num="14" count="36" type="stmt"/>
        <line num="15" count="36" type="stmt"/>
        <line num="16" count="36" type="stmt"/>
        <line num="19" count="108" type="stmt"/>
        <line num="22" count="10" type="stmt"/>
        <line num="25" count="23" type="stmt"/>
        <line num="26" count="23" type="stmt"/>
        <line num="29" count="4" type="cond" truecount="1" falsecount="0"/>
        <line num="30" count="1" type="stmt"/>
        <line num="36" count="5" type="stmt"/>
        <line num="37" count="3" type="stmt"/>
        <line num="38" count="3" type="stmt"/>
        <line num="45" count="65" type="stmt"/>
        <line num="48" count="3" type="stmt"/>
        <line num="51" count="66" type="cond" truecount="1" falsecount="0"/>
        <line num="52" count="1" type="stmt"/>
        <line num="58" count="65" type="stmt"/>
        <line num="59" count="65" type="stmt"/>
        <line num="60" count="65" type="stmt"/>
        <line num="67" count="4" type="cond" truecount="1" falsecount="0"/>
        <line num="68" count="2" type="stmt"/>
        <line num="70" count="2" type="stmt"/>
        <line num="73" count="81" type="stmt"/>
        <line num="76" count="6" type="stmt"/>
        <line num="79" count="5" type="stmt"/>
        <line num="83" count="2" type="stmt"/>
        <line num="87" count="0" type="stmt"/>
        <line num="90" count="3" type="stmt"/>
      </file>
    </package>
    <package name="cow006.src.Entities.Hand">
      <metrics statements="22" coveredstatements="21" conditionals="4" coveredconditionals="3" methods="10" coveredmethods="10"/>
      <file name="model.ts" path="E:\кот\cow006\src\Entities\Hand\model.ts">
        <metrics statements="22" coveredstatements="21" conditionals="4" coveredconditionals="3" methods="10" coveredmethods="10"/>
        <line num="4" count="9" type="stmt"/>
        <line num="6" count="9" type="stmt"/>
        <line num="8" count="92" type="stmt"/>
        <line num="10" count="92" type="stmt"/>
        <line num="13" count="17" type="stmt"/>
        <line num="16" count="2" type="stmt"/>
        <line num="17" count="4" type="cond" truecount="1" falsecount="0"/>
        <line num="18" count="1" type="stmt"/>
        <line num="20" count="4" type="stmt"/>
        <line num="24" count="349" type="cond" truecount="1" falsecount="0"/>
        <line num="25" count="344" type="stmt"/>
        <line num="26" count="344" type="stmt"/>
        <line num="32" count="5" type="stmt"/>
        <line num="39" count="11" type="cond" truecount="0" falsecount="1"/>
        <line num="40" count="0" type="stmt"/>
        <line num="46" count="47" type="cond" truecount="1" falsecount="0"/>
        <line num="47" count="7" type="stmt"/>
        <line num="53" count="25" type="stmt"/>
        <line num="54" count="4" type="stmt"/>
        <line num="63" count="6" type="stmt"/>
        <line num="66" count="2" type="stmt"/>
        <line num="67" count="2" type="stmt"/>
      </file>
    </package>
    <package name="cow006.src.Entities.PenaltySet">
      <metrics statements="14" coveredstatements="14" conditionals="0" coveredconditionals="0" methods="9" coveredmethods="9"/>
      <file name="model.ts" path="E:\кот\cow006\src\Entities\PenaltySet\model.ts">
        <metrics statements="14" coveredstatements="14" conditionals="0" coveredconditionals="0" methods="9" coveredmethods="9"/>
        <line num="4" count="9" type="stmt"/>
        <line num="9" count="65" type="stmt"/>
        <line num="10" count="65" type="stmt"/>
        <line num="11" count="65" type="stmt"/>
        <line num="14" count="9" type="stmt"/>
        <line num="15" count="5" type="stmt"/>
        <line num="19" count="1" type="stmt"/>
        <line num="22" count="1" type="stmt"/>
        <line num="25" count="1" type="stmt"/>
        <line num="28" count="5" type="stmt"/>
        <line num="31" count="12" type="stmt"/>
        <line num="32" count="12" type="stmt"/>
        <line num="35" count="1" type="stmt"/>
        <line num="36" count="1" type="stmt"/>
      </file>
    </package>
    <package name="cow006.src.Entities.Player">
      <metrics statements="31" coveredstatements="31" conditionals="2" coveredconditionals="2" methods="14" coveredmethods="14"/>
      <file name="model.ts" path="E:\кот\cow006\src\Entities\Player\model.ts">
        <metrics statements="31" coveredstatements="31" conditionals="2" coveredconditionals="2" methods="14" coveredmethods="14"/>
        <line num="2" count="8" type="stmt"/>
        <line num="5" count="8" type="stmt"/>
        <line num="7" count="8" type="stmt"/>
        <line num="9" count="8" type="stmt"/>
        <line num="11" count="8" type="stmt"/>
        <line num="13" count="57" type="stmt"/>
        <line num="19" count="57" type="stmt"/>
        <line num="20" count="57" type="stmt"/>
        <line num="21" count="57" type="stmt"/>
        <line num="22" count="57" type="stmt"/>
        <line num="23" count="57" type="stmt"/>
        <line num="26" count="1" type="stmt"/>
        <line num="29" count="18" type="stmt"/>
        <line num="32" count="5" type="stmt"/>
        <line num="33" count="5" type="stmt"/>
        <line num="36" count="5" type="stmt"/>
        <line num="39" count="2" type="cond" truecount="2" falsecount="0"/>
        <line num="40" count="1" type="stmt"/>
        <line num="43" count="1" type="stmt"/>
        <line num="50" count="1" type="stmt"/>
        <line num="51" count="1" type="stmt"/>
        <line num="58" count="86" type="stmt"/>
        <line num="61" count="17" type="stmt"/>
        <line num="64" count="1" type="stmt"/>
        <line num="65" count="1" type="stmt"/>
        <line num="72" count="12" type="stmt"/>
        <line num="75" count="34" type="stmt"/>
        <line num="76" count="34" type="stmt"/>
        <line num="83" count="8" type="stmt"/>
        <line num="86" count="9" type="stmt"/>
        <line num="87" count="9" type="stmt"/>
      </file>
    </package>
    <package name="cow006.src.Entities.Pool">
      <metrics statements="19" coveredstatements="19" conditionals="2" coveredconditionals="2" methods="9" coveredmethods="9"/>
      <file name="model.ts" path="E:\кот\cow006\src\Entities\Pool\model.ts">
        <metrics statements="19" coveredstatements="19" conditionals="2" coveredconditionals="2" methods="9" coveredmethods="9"/>
        <line num="2" count="5" type="stmt"/>
        <line num="7" count="5" type="stmt"/>
        <line num="11" count="46" type="stmt"/>
        <line num="12" count="46" type="stmt"/>
        <line num="15" count="25" type="stmt"/>
        <line num="18" count="3" type="stmt"/>
        <line num="25" count="24" type="cond" truecount="1" falsecount="0"/>
        <line num="26" count="2" type="stmt"/>
        <line num="31" count="2" type="stmt"/>
        <line num="33" count="22" type="stmt"/>
        <line num="36" count="22" type="stmt"/>
        <line num="41" count="22" type="cond" truecount="1" falsecount="0"/>
        <line num="42" count="8" type="stmt"/>
        <line num="44" count="22" type="stmt"/>
        <line num="47" count="42" type="stmt"/>
        <line num="50" count="11" type="stmt"/>
        <line num="51" count="8" type="stmt"/>
        <line num="54" count="5" type="stmt"/>
        <line num="55" count="5" type="stmt"/>
      </file>
    </package>
    <package name="cow006.src.Entities.Row">
      <metrics statements="25" coveredstatements="22" conditionals="4" coveredconditionals="3" methods="7" coveredmethods="7"/>
      <file name="model.ts" path="E:\кот\cow006\src\Entities\Row\model.ts">
        <metrics statements="25" coveredstatements="22" conditionals="4" coveredconditionals="3" methods="7" coveredmethods="7"/>
        <line num="2" count="5" type="stmt"/>
        <line num="7" count="5" type="stmt"/>
        <line num="9" count="81" type="stmt"/>
        <line num="11" count="81" type="stmt"/>
        <line num="14" count="2" type="stmt"/>
        <line num="17" count="77" type="stmt"/>
        <line num="20" count="16" type="stmt"/>
        <line num="21" count="16" type="cond" truecount="0" falsecount="1"/>
        <line num="22" count="0" type="stmt"/>
        <line num="23" count="0" type="stmt"/>
        <line num="29" count="16" type="stmt"/>
        <line num="30" count="16" type="stmt"/>
        <line num="37" count="43" type="stmt"/>
        <line num="40" count="2" type="stmt"/>
        <line num="41" count="10" type="cond" truecount="1" falsecount="0"/>
        <line num="42" count="6" type="stmt"/>
        <line num="45" count="2" type="stmt"/>
        <line num="48" count="60" type="stmt"/>
        <line num="49" count="60" type="stmt"/>
        <line num="50" count="60" type="stmt"/>
        <line num="51" count="82" type="cond" truecount="2" falsecount="0"/>
        <line num="52" count="60" type="stmt"/>
        <line num="58" count="22" type="stmt"/>
        <line num="59" count="22" type="stmt"/>
        <line num="62" count="0" type="stmt"/>
      </file>
    </package>
    <package name="cow006.src.Entities.Stuff">
      <metrics statements="16" coveredstatements="15" conditionals="4" coveredconditionals="4" methods="10" coveredmethods="9"/>
      <file name="model.ts" path="E:\кот\cow006\src\Entities\Stuff\model.ts">
        <metrics statements="16" coveredstatements="15" conditionals="4" coveredconditionals="4" methods="10" coveredmethods="9"/>
        <line num="4" count="5" type="stmt"/>
        <line num="7" count="51" type="stmt"/>
        <line num="11" count="16" type="stmt"/>
        <line num="13" count="16" type="stmt"/>
        <line num="15" count="1569" type="stmt"/>
        <line num="17" count="1569" type="stmt"/>
        <line num="18" count="1569" type="stmt"/>
        <line num="19" count="1569" type="stmt"/>
        <line num="23" count="0" type="stmt"/>
        <line num="27" count="212" type="cond" truecount="2" falsecount="0"/>
        <line num="32" count="396" type="cond" truecount="2" falsecount="0"/>
        <line num="35" count="103" type="stmt"/>
        <line num="36" count="1" type="stmt"/>
        <line num="40" count="392" type="stmt"/>
        <line num="41" count="392" type="stmt"/>
        <line num="44" count="10" type="stmt"/>
      </file>
    </package>
    <package name="cow006.src.Instruments.Creators">
      <metrics statements="23" coveredstatements="23" conditionals="9" coveredconditionals="9" methods="2" coveredmethods="2"/>
      <file name="CardList.creator.ts" path="E:\кот\cow006\src\Instruments\Creators\CardList.creator.ts">
        <metrics statements="23" coveredstatements="23" conditionals="9" coveredconditionals="9" methods="2" coveredmethods="2"/>
        <line num="2" count="9" type="stmt"/>
        <line num="4" count="9" type="stmt"/>
        <line num="5" count="57" type="stmt"/>
        <line num="6" count="57" type="stmt"/>
        <line num="7" count="57" type="stmt"/>
        <line num="8" count="4370" type="stmt"/>
        <line num="9" count="4370" type="stmt"/>
        <line num="11" count="57" type="stmt"/>
        <line num="14" count="9" type="stmt"/>
        <line num="15" count="4404" type="cond" truecount="1" falsecount="0"/>
        <line num="16" count="1" type="stmt"/>
        <line num="18" count="4403" type="cond" truecount="1" falsecount="0"/>
        <line num="19" count="1" type="stmt"/>
        <line num="21" count="4402" type="stmt"/>
        <line num="22" count="4402" type="cond" truecount="2" falsecount="0"/>
        <line num="23" count="43" type="stmt"/>
        <line num="25" count="4359" type="cond" truecount="2" falsecount="0"/>
        <line num="26" count="388" type="stmt"/>
        <line num="28" count="3971" type="cond" truecount="2" falsecount="0"/>
        <line num="29" count="419" type="stmt"/>
        <line num="31" count="3552" type="cond" truecount="1" falsecount="0"/>
        <line num="32" count="352" type="stmt"/>
        <line num="34" count="3200" type="stmt"/>
      </file>
    </package>
    <package name="cow006.src.consts">
      <metrics statements="9" coveredstatements="9" conditionals="6" coveredconditionals="6" methods="3" coveredmethods="3"/>
      <file name="rules.ts" path="E:\кот\cow006\src\consts\rules.ts">
        <metrics statements="9" coveredstatements="9" conditionals="6" coveredconditionals="6" methods="3" coveredmethods="3"/>
        <line num="1" count="6" type="stmt"/>
        <line num="7" count="6" type="cond" truecount="2" falsecount="0"/>
        <line num="8" count="6" type="stmt"/>
        <line num="9" count="6" type="stmt"/>
        <line num="12" count="6" type="cond" truecount="2" falsecount="0"/>
        <line num="13" count="6" type="stmt"/>
        <line num="16" count="6" type="cond" truecount="2" falsecount="0"/>
        <line num="17" count="6" type="stmt"/>
        <line num="18" count="6" type="stmt"/>
      </file>
    </package>
    <package name="cow006.src.server.actions">
      <metrics statements="107" coveredstatements="94" conditionals="21" coveredconditionals="12" methods="9" coveredmethods="9"/>
      <file name="doRoomAction.ts" path="E:\кот\cow006\src\server\actions\doRoomAction.ts">
        <metrics statements="20" coveredstatements="20" conditionals="1" coveredconditionals="1" methods="2" coveredmethods="2"/>
        <line num="2" count="1" type="stmt"/>
        <line num="4" count="1" type="stmt"/>
        <line num="6" count="1" type="stmt"/>
        <line num="7" count="1" type="stmt"/>
        <line num="11" count="1" type="stmt"/>
        <line num="12" count="2" type="stmt"/>
        <line num="16" count="1" type="stmt"/>
        <line num="17" count="2" type="cond" truecount="1" falsecount="0"/>
        <line num="18" count="1" type="stmt"/>
        <line num="24" count="1" type="stmt"/>
        <line num="25" count="1" type="stmt"/>
        <line num="26" count="1" type="stmt"/>
        <line num="27" count="1" type="stmt"/>
        <line num="29" count="1" type="stmt"/>
        <line num="37" count="1" type="stmt"/>
        <line num="38" count="1" type="stmt"/>
        <line num="39" count="1" type="stmt"/>
        <line num="41" count="1" type="stmt"/>
        <line num="42" count="1" type="stmt"/>
        <line num="43" count="1" type="stmt"/>
      </file>
      <file name="enterTheRoomAction.ts" path="E:\кот\cow006\src\server\actions\enterTheRoomAction.ts">
        <metrics statements="20" coveredstatements="15" conditionals="7" coveredconditionals="4" methods="2" coveredmethods="2"/>
        <line num="1" count="1" type="stmt"/>
        <line num="3" count="1" type="stmt"/>
        <line num="5" count="1" type="stmt"/>
        <line num="8" count="1" type="stmt"/>
        <line num="12" count="1" type="stmt"/>
        <line num="13" count="2" type="stmt"/>
        <line num="14" count="2" type="cond" truecount="1" falsecount="1"/>
        <line num="15" count="2" type="cond" truecount="0" falsecount="1"/>
        <line num="16" count="0" type="stmt"/>
        <line num="22" count="2" type="cond" truecount="3" falsecount="1"/>
        <line num="23" count="2" type="stmt"/>
        <line num="24" count="2" type="stmt"/>
        <line num="32" count="2" type="stmt"/>
        <line num="33" count="2" type="stmt"/>
        <line num="34" count="2" type="stmt"/>
        <line num="35" count="2" type="stmt"/>
        <line num="42" count="0" type="stmt"/>
        <line num="50" count="0" type="stmt"/>
        <line num="55" count="0" type="stmt"/>
        <line num="56" count="0" type="stmt"/>
      </file>
      <file name="exitRoomAction.ts" path="E:\кот\cow006\src\server\actions\exitRoomAction.ts">
        <metrics statements="20" coveredstatements="16" conditionals="5" coveredconditionals="2" methods="2" coveredmethods="2"/>
        <line num="3" count="1" type="stmt"/>
        <line num="7" count="1" type="stmt"/>
        <line num="9" count="1" type="stmt"/>
        <line num="10" count="1" type="cond" truecount="1" falsecount="0"/>
        <line num="11" count="1" type="cond" truecount="0" falsecount="1"/>
        <line num="14" count="1" type="stmt"/>
        <line num="15" count="2" type="stmt"/>
        <line num="16" count="1" type="stmt"/>
        <line num="18" count="1" type="cond" truecount="0" falsecount="1"/>
        <line num="19" count="0" type="stmt"/>
        <line num="20" count="0" type="cond" truecount="0" falsecount="1"/>
        <line num="21" count="0" type="stmt"/>
        <line num="22" count="0" type="stmt"/>
        <line num="26" count="1" type="stmt"/>
        <line num="27" count="2" type="cond" truecount="1" falsecount="0"/>
        <line num="28" count="1" type="stmt"/>
        <line num="31" count="1" type="stmt"/>
        <line num="32" count="1" type="stmt"/>
        <line num="33" count="1" type="stmt"/>
        <line num="35" count="1" type="stmt"/>
      </file>
      <file name="logInAction.ts" path="E:\кот\cow006\src\server\actions\logInAction.ts">
        <metrics statements="14" coveredstatements="14" conditionals="2" coveredconditionals="2" methods="1" coveredmethods="1"/>
        <line num="1" count="1" type="stmt"/>
        <line num="2" count="1" type="stmt"/>
        <line num="4" count="1" type="stmt"/>
        <line num="7" count="1" type="stmt"/>
        <line num="9" count="1" type="stmt"/>
        <line num="10" count="2" type="stmt"/>
        <line num="11" count="2" type="stmt"/>
        <line num="14" count="2" type="cond" truecount="2" falsecount="0"/>
        <line num="15" count="1" type="stmt"/>
        <line num="23" count="1" type="stmt"/>
        <line num="24" count="1" type="stmt"/>
        <line num="31" count="1" type="stmt"/>
        <line num="36" count="1" type="stmt"/>
        <line num="37" count="1" type="stmt"/>
      </file>
      <file name="registrationAction.ts" path="E:\кот\cow006\src\server\actions\registrationAction.ts">
        <metrics statements="14" coveredstatements="12" conditionals="2" coveredconditionals="1" methods="1" coveredmethods="1"/>
        <line num="1" count="1" type="stmt"/>
        <line num="2" count="1" type="stmt"/>
        <line num="5" count="1" type="stmt"/>
        <line num="7" count="1" type="stmt"/>
        <line num="8" count="1" type="stmt"/>
        <line num="10" count="1" type="stmt"/>
        <line num="13" count="1" type="cond" truecount="1" falsecount="1"/>
        <line num="14" count="0" type="stmt"/>
        <line num="19" count="0" type="stmt"/>
        <line num="23" count="1" type="stmt"/>
        <line num="26" count="1" type="stmt"/>
        <line num="29" count="1" type="stmt"/>
        <line num="32" count="1" type="stmt"/>
        <line num="37" count="1" type="stmt"/>
      </file>
      <file name="startTheGameAction.ts" path="E:\кот\cow006\src\server\actions\startTheGameAction.ts">
        <metrics statements="19" coveredstatements="17" conditionals="4" coveredconditionals="2" methods="1" coveredmethods="1"/>
        <line num="5" count="1" type="stmt"/>
        <line num="7" count="1" type="stmt"/>
        <line num="8" count="1" type="stmt"/>
        <line num="9" count="1" type="stmt"/>
        <line num="11" count="1" type="stmt"/>
        <line num="12" count="1" type="cond" truecount="1" falsecount="1"/>
        <line num="13" count="0" type="stmt"/>
        <line num="19" count="1" type="cond" truecount="1" falsecount="1"/>
        <line num="20" count="0" type="stmt"/>
        <line num="27" count="1" type="stmt"/>
        <line num="28" count="1" type="stmt"/>
        <line num="29" count="1" type="stmt"/>
        <line num="30" count="1" type="stmt"/>
        <line num="31" count="1" type="stmt"/>
        <line num="32" count="2" type="stmt"/>
        <line num="34" count="1" type="stmt"/>
        <line num="35" count="2" type="stmt"/>
        <line num="36" count="2" type="stmt"/>
        <line num="38" count="1" type="stmt"/>
      </file>
    </package>
    <package name="cow006.src.server.entities.user">
      <metrics statements="26" coveredstatements="23" conditionals="0" coveredconditionals="0" methods="14" coveredmethods="12"/>
      <file name="model.ts" path="E:\кот\cow006\src\server\entities\user\model.ts">
        <metrics statements="26" coveredstatements="23" conditionals="0" coveredconditionals="0" methods="14" coveredmethods="12"/>
        <line num="5" count="3" type="stmt"/>
        <line num="14" count="9" type="stmt"/>
        <line num="15" count="9" type="stmt"/>
        <line num="16" count="9" type="stmt"/>
        <line num="17" count="9" type="stmt"/>
        <line num="18" count="9" type="stmt"/>
        <line num="19" count="9" type="stmt"/>
        <line num="20" count="9" type="stmt"/>
        <line num="23" count="2" type="stmt"/>
        <line num="26" count="1" type="stmt"/>
        <line num="29" count="0" type="stmt"/>
        <line num="30" count="0" type="stmt"/>
        <line num="33" count="0" type="stmt"/>
        <line num="36" count="3" type="stmt"/>
        <line num="37" count="3" type="stmt"/>
        <line num="40" count="13" type="stmt"/>
        <line num="43" count="11" type="stmt"/>
        <line num="46" count="1" type="stmt"/>
        <line num="47" count="1" type="stmt"/>
        <line num="50" count="4" type="stmt"/>
        <line num="53" count="2" type="stmt"/>
        <line num="56" count="4" type="stmt"/>
        <line num="57" count="4" type="stmt"/>
        <line num="60" count="6" type="stmt"/>
        <line num="61" count="6" type="stmt"/>
        <line num="64" count="6" type="stmt"/>
      </file>
    </package>
    <package name="cow006.src.tests.entitites.helpers">
      <metrics statements="9" coveredstatements="9" conditionals="0" coveredconditionals="0" methods="2" coveredmethods="2"/>
      <file name="playersIdGenerator.ts" path="E:\кот\cow006\src\tests\entitites\helpers\playersIdGenerator.ts">
        <metrics statements="2" coveredstatements="2" conditionals="0" coveredconditionals="0" methods="1" coveredmethods="1"/>
        <line num="1" count="6" type="stmt"/>
        <line num="2" count="53" type="stmt"/>
      </file>
      <file name="playersInfoGenerator.ts" path="E:\кот\cow006\src\tests\entitites\helpers\playersInfoGenerator.ts">
        <metrics statements="7" coveredstatements="7" conditionals="0" coveredconditionals="0" methods="1" coveredmethods="1"/>
        <line num="2" count="6" type="stmt"/>
        <line num="4" count="6" type="stmt"/>
        <line num="5" count="54" type="stmt"/>
        <line num="6" count="54" type="stmt"/>
        <line num="7" count="54" type="stmt"/>
        <line num="8" count="54" type="stmt"/>
        <line num="12" count="54" type="stmt"/>
      </file>
    </package>
  </project>
</coverage>
