TN:
SF:types.ts
FN:27,(anonymous_0)
FN:42,(anonymous_1)
FNF:2
FNH:2
FNDA:2,(anonymous_0)
FNDA:2,(anonymous_1)
DA:27,2
DA:28,2
DA:29,2
DA:30,2
DA:31,2
DA:32,2
DA:33,2
DA:34,2
DA:35,2
DA:36,2
DA:37,2
DA:38,2
DA:39,2
DA:42,2
DA:43,2
DA:44,2
DA:45,2
DA:46,2
DA:47,2
DA:48,2
DA:49,2
DA:50,2
LF:22
LH:22
BRDA:27,0,0,2
BRDA:27,0,1,2
BRDA:42,1,0,2
BRDA:42,1,1,2
BRF:4
BRH:4
end_of_record
TN:
SF:src\Adds\Reports\reportMessages.ts
FNF:0
FNH:0
DA:16,10
LF:1
LH:1
BRF:0
BRH:0
end_of_record
TN:
SF:src\Adds\Reports\webSocketResponseMessage.ts
FN:2,(anonymous_0)
FN:5,(anonymous_1)
FN:6,(anonymous_2)
FN:7,(anonymous_3)
FN:8,(anonymous_4)
FN:9,(anonymous_5)
FN:10,(anonymous_6)
FN:11,(anonymous_7)
FN:12,(anonymous_8)
FN:13,(anonymous_9)
FN:14,(anonymous_10)
FN:15,(anonymous_11)
FN:16,(anonymous_12)
FN:17,(anonymous_13)
FNF:14
FNH:13
FNDA:1,(anonymous_0)
FNDA:1,(anonymous_1)
FNDA:1,(anonymous_2)
FNDA:1,(anonymous_3)
FNDA:2,(anonymous_4)
FNDA:2,(anonymous_5)
FNDA:1,(anonymous_6)
FNDA:2,(anonymous_7)
FNDA:1,(anonymous_8)
FNDA:1,(anonymous_9)
FNDA:1,(anonymous_10)
FNDA:1,(anonymous_11)
FNDA:1,(anonymous_12)
FNDA:0,(anonymous_13)
DA:1,3
DA:3,1
DA:5,1
DA:6,1
DA:7,1
DA:8,2
DA:9,2
DA:10,1
DA:11,2
DA:12,1
DA:13,1
DA:14,1
DA:15,1
DA:16,1
DA:17,0
LF:15
LH:14
BRF:0
BRH:0
end_of_record
TN:
SF:src\Adds\Reports\webSocketResponseDataCreators\gameStartedInfoForResponseCreator.ts
FN:5,gameStartedInfoForResponseCreator
FNF:1
FNH:1
FNDA:1,gameStartedInfoForResponseCreator
DA:5,1
DA:6,1
DA:7,1
DA:8,1
DA:9,1
DA:10,1
DA:11,4
DA:12,4
DA:13,4
DA:14,20
DA:15,16
DA:18,4
DA:25,1
DA:26,3
DA:27,3
DA:28,30
DA:33,3
DA:40,1
LF:18
LH:18
BRDA:14,0,0,16
BRDA:14,0,1,4
BRF:2
BRH:2
end_of_record
TN:
SF:src\Adds\Reports\webSocketResponseDataCreators\roomCreatedForResponse.ts
FN:4,roomCreatedForResponse
FNF:1
FNH:1
FNDA:1,roomCreatedForResponse
DA:4,1
DA:5,1
LF:2
LH:2
BRF:0
BRH:0
end_of_record
TN:
SF:src\Entities\Card\model.ts
FN:6,(anonymous_0)
FN:10,(anonymous_1)
FN:13,(anonymous_2)
FNF:3
FNH:3
FNDA:4426,(anonymous_0)
FNDA:555,(anonymous_1)
FNDA:42,(anonymous_2)
DA:3,13
DA:7,4426
DA:8,4426
DA:11,555
DA:14,42
LF:5
LH:5
BRF:0
BRH:0
end_of_record
TN:
SF:src\Entities\Game\CheckingPoolStageStrategy.ts
FN:20,(anonymous_0)
FN:29,(anonymous_1)
FN:32,(anonymous_2)
FN:43,(anonymous_3)
FN:50,(anonymous_4)
FN:54,(anonymous_5)
FN:57,(anonymous_6)
FN:64,(anonymous_7)
FN:105,(anonymous_8)
FNF:9
FNH:6
FNDA:7,(anonymous_0)
FNDA:0,(anonymous_1)
FNDA:8,(anonymous_2)
FNDA:0,(anonymous_3)
FNDA:0,(anonymous_4)
FNDA:7,(anonymous_5)
FNDA:1,(anonymous_6)
FNDA:8,(anonymous_7)
FNDA:1,(anonymous_8)
DA:2,4
DA:3,4
DA:8,4
DA:12,4
DA:21,7
DA:22,7
DA:23,7
DA:24,7
DA:25,7
DA:26,7
DA:27,7
DA:30,0
DA:33,8
DA:34,4
DA:35,4
DA:36,1
DA:38,4
DA:40,8
DA:44,0
DA:51,0
DA:55,7
DA:58,1
DA:65,8
DA:66,0
DA:72,8
DA:73,8
DA:74,8
DA:75,8
DA:76,32
DA:78,32
DA:81,7
DA:82,7
DA:85,8
DA:86,1
DA:87,1
DA:88,1
DA:94,7
DA:95,7
DA:96,7
DA:98,7
DA:99,7
DA:106,1
DA:107,1
DA:108,1
DA:109,1
DA:110,1
DA:111,1
DA:112,1
DA:113,1
LF:49
LH:45
BRDA:33,0,0,4
BRDA:35,1,0,1
BRDA:65,2,0,0
BRDA:78,3,0,7
BRDA:78,4,0,32
BRDA:78,4,1,13
BRDA:85,5,0,1
BRF:7
BRH:6
end_of_record
TN:
SF:src\Entities\Game\EndGameStateStrategy.ts
FN:12,(anonymous_0)
FN:16,(anonymous_1)
FN:24,(anonymous_2)
FN:31,(anonymous_3)
FN:38,(anonymous_4)
FN:45,(anonymous_5)
FN:72,(anonymous_6)
FNF:7
FNH:7
FNDA:2,(anonymous_0)
FNDA:1,(anonymous_1)
FNDA:1,(anonymous_2)
FNDA:1,(anonymous_3)
FNDA:1,(anonymous_4)
FNDA:3,(anonymous_5)
FNDA:2,(anonymous_6)
DA:2,4
DA:9,4
DA:13,2
DA:14,2
DA:17,1
DA:25,1
DA:32,1
DA:39,1
DA:46,3
DA:47,3
DA:48,3
DA:49,6
DA:50,6
DA:57,3
DA:58,3
DA:59,3
DA:60,6
DA:61,4
DA:62,4
DA:65,3
DA:66,6
DA:67,3
DA:70,3
DA:73,2
LF:24
LH:24
BRDA:60,0,0,4
BRDA:66,1,0,3
BRF:2
BRH:2
end_of_record
TN:
SF:src\Entities\Game\PrepearingGameStateStrategy.ts
FN:16,(anonymous_0)
FN:20,(anonymous_1)
FN:27,(anonymous_2)
FN:50,(anonymous_3)
FN:53,(anonymous_4)
FN:56,(anonymous_5)
FN:63,(anonymous_6)
FNF:7
FNH:4
FNDA:42,(anonymous_0)
FNDA:0,(anonymous_1)
FNDA:15,(anonymous_2)
FNDA:1,(anonymous_3)
FNDA:0,(anonymous_4)
FNDA:0,(anonymous_5)
FNDA:1,(anonymous_6)
DA:2,4
DA:3,4
DA:5,4
DA:8,4
DA:9,4
DA:13,4
DA:17,42
DA:18,42
DA:21,0
DA:28,15
DA:29,15
DA:30,31
DA:31,31
DA:32,310
DA:33,310
DA:35,31
DA:37,15
DA:38,60
DA:39,60
DA:41,15
DA:42,15
DA:43,15
DA:44,15
DA:51,1
DA:54,0
DA:57,0
DA:64,1
LF:27
LH:24
BRF:0
BRH:0
end_of_record
TN:
SF:src\Entities\Game\ProcessGameStateStrategy.ts
FN:14,(anonymous_0)
FN:18,(anonymous_1)
FN:25,(anonymous_2)
FN:32,(anonymous_3)
FN:35,(anonymous_4)
FN:38,(anonymous_5)
FN:57,(anonymous_6)
FN:64,(anonymous_7)
FNF:8
FNH:6
FNDA:20,(anonymous_0)
FNDA:0,(anonymous_1)
FNDA:1,(anonymous_2)
FNDA:0,(anonymous_3)
FNDA:19,(anonymous_4)
FNDA:16,(anonymous_5)
FNDA:2,(anonymous_6)
FNDA:31,(anonymous_7)
DA:2,4
DA:3,4
DA:7,4
DA:11,4
DA:15,20
DA:16,20
DA:19,0
DA:26,1
DA:33,0
DA:36,19
DA:39,16
DA:40,16
DA:41,1
DA:44,15
DA:45,15
DA:46,7
DA:47,7
DA:52,7
DA:54,8
DA:58,2
DA:65,31
LF:21
LH:19
BRDA:40,0,0,1
BRDA:40,0,1,15
BRDA:45,1,0,7
BRF:3
BRH:3
end_of_record
TN:
SF:src\Entities\Game\model.ts
FN:32,(anonymous_0)
FN:64,(anonymous_1)
FN:67,(anonymous_2)
FN:70,(anonymous_3)
FN:73,(anonymous_4)
FN:77,(anonymous_5)
FN:81,(anonymous_6)
FN:85,(anonymous_7)
FN:88,(anonymous_8)
FN:91,(anonymous_9)
FN:94,(anonymous_10)
FN:97,(anonymous_11)
FN:100,(anonymous_12)
FN:103,(anonymous_13)
FN:106,(anonymous_14)
FN:109,(anonymous_15)
FN:112,(anonymous_16)
FN:115,(anonymous_17)
FN:118,(anonymous_18)
FN:121,(anonymous_19)
FN:124,(anonymous_20)
FN:127,(anonymous_21)
FN:132,(anonymous_22)
FN:136,(anonymous_23)
FN:162,(anonymous_24)
FN:166,(anonymous_25)
FN:170,(anonymous_26)
FNF:27
FNH:23
FNDA:41,(anonymous_0)
FNDA:2,(anonymous_1)
FNDA:0,(anonymous_2)
FNDA:0,(anonymous_3)
FNDA:15,(anonymous_4)
FNDA:28,(anonymous_5)
FNDA:15,(anonymous_6)
FNDA:1,(anonymous_7)
FNDA:15,(anonymous_8)
FNDA:4,(anonymous_9)
FNDA:37,(anonymous_10)
FNDA:2,(anonymous_11)
FNDA:2,(anonymous_12)
FNDA:761,(anonymous_13)
FNDA:8,(anonymous_14)
FNDA:0,(anonymous_15)
FNDA:15,(anonymous_16)
FNDA:45,(anonymous_17)
FNDA:74,(anonymous_18)
FNDA:11,(anonymous_19)
FNDA:3,(anonymous_20)
FNDA:28,(anonymous_21)
FNDA:0,(anonymous_22)
FNDA:1,(anonymous_23)
FNDA:4,(anonymous_24)
FNDA:4,(anonymous_25)
FNDA:2,(anonymous_26)
DA:2,4
DA:3,4
DA:4,4
DA:7,4
DA:10,4
DA:13,4
DA:14,4
DA:15,4
DA:18,4
DA:33,41
DA:34,41
DA:35,41
DA:36,41
DA:37,41
DA:38,41
DA:40,41
DA:42,22
DA:43,22
DA:46,19
DA:47,19
DA:48,19
DA:51,0
DA:52,0
DA:55,41
DA:56,41
DA:57,41
DA:58,41
DA:59,41
DA:61,41
DA:65,2
DA:68,0
DA:71,0
DA:74,15
DA:78,28
DA:79,28
DA:82,15
DA:83,15
DA:86,1
DA:89,15
DA:92,4
DA:95,37
DA:98,2
DA:101,2
DA:104,761
DA:107,8
DA:110,0
DA:113,15
DA:116,45
DA:119,74
DA:122,11
DA:125,3
DA:128,28
DA:129,28
DA:130,28
DA:133,0
DA:137,1
DA:138,1
DA:139,1
DA:140,2
DA:141,2
DA:142,20
DA:143,20
DA:145,2
DA:147,1
DA:154,0
DA:155,0
DA:163,4
DA:167,4
DA:168,4
DA:171,2
LF:70
LH:62
BRDA:40,0,0,22
BRDA:40,0,1,19
BRDA:40,0,2,0
BRDA:137,1,0,1
BRDA:137,1,1,0
BRF:5
BRH:3
end_of_record
TN:
SF:src\Entities\GameParty\model.ts
FN:13,(anonymous_0)
FN:18,(anonymous_1)
FN:21,(anonymous_2)
FN:24,(anonymous_3)
FN:28,(anonymous_4)
FN:29,(anonymous_5)
FN:36,(anonymous_6)
FN:44,(anonymous_7)
FN:47,(anonymous_8)
FN:50,(anonymous_9)
FN:66,(anonymous_10)
FN:72,(anonymous_11)
FN:75,(anonymous_12)
FN:78,(anonymous_13)
FN:82,(anonymous_14)
FN:86,(anonymous_15)
FN:89,(anonymous_16)
FNF:17
FNH:16
FNDA:36,(anonymous_0)
FNDA:108,(anonymous_1)
FNDA:10,(anonymous_2)
FNDA:23,(anonymous_3)
FNDA:4,(anonymous_4)
FNDA:4,(anonymous_5)
FNDA:5,(anonymous_6)
FNDA:65,(anonymous_7)
FNDA:3,(anonymous_8)
FNDA:66,(anonymous_9)
FNDA:4,(anonymous_10)
FNDA:81,(anonymous_11)
FNDA:6,(anonymous_12)
FNDA:5,(anonymous_13)
FNDA:2,(anonymous_14)
FNDA:0,(anonymous_15)
FNDA:3,(anonymous_16)
DA:2,6
DA:3,6
DA:7,6
DA:9,36
DA:10,36
DA:14,36
DA:15,36
DA:16,36
DA:19,108
DA:22,10
DA:25,23
DA:26,23
DA:29,4
DA:30,1
DA:36,5
DA:37,3
DA:38,3
DA:45,65
DA:48,3
DA:51,66
DA:52,1
DA:58,65
DA:59,65
DA:60,65
DA:67,4
DA:68,2
DA:70,2
DA:73,81
DA:76,6
DA:79,5
DA:83,2
DA:87,0
DA:90,3
LF:33
LH:32
BRDA:29,0,0,1
BRDA:51,1,0,1
BRDA:67,2,0,2
BRF:3
BRH:3
end_of_record
TN:
SF:src\Entities\Hand\model.ts
FN:9,(anonymous_0)
FN:12,(anonymous_1)
FN:15,(anonymous_2)
FN:16,(anonymous_3)
FN:23,(anonymous_4)
FN:38,(anonymous_5)
FN:46,(anonymous_6)
FN:53,(anonymous_7)
FN:62,(anonymous_8)
FN:65,(anonymous_9)
FNF:10
FNH:10
FNDA:92,(anonymous_0)
FNDA:17,(anonymous_1)
FNDA:2,(anonymous_2)
FNDA:4,(anonymous_3)
FNDA:349,(anonymous_4)
FNDA:11,(anonymous_5)
FNDA:47,(anonymous_6)
FNDA:25,(anonymous_7)
FNDA:6,(anonymous_8)
FNDA:2,(anonymous_9)
DA:4,9
DA:6,9
DA:8,92
DA:10,92
DA:13,17
DA:16,2
DA:17,4
DA:18,1
DA:20,4
DA:24,349
DA:25,344
DA:26,344
DA:32,5
DA:39,11
DA:40,0
DA:46,47
DA:47,7
DA:53,25
DA:54,4
DA:63,6
DA:66,2
DA:67,2
LF:22
LH:21
BRDA:17,0,0,1
BRDA:24,1,0,344
BRDA:39,2,0,0
BRDA:46,3,0,7
BRF:4
BRH:3
end_of_record
TN:
SF:src\Entities\PenaltySet\model.ts
FN:8,(anonymous_0)
FN:13,(anonymous_1)
FN:14,(anonymous_2)
FN:18,(anonymous_3)
FN:21,(anonymous_4)
FN:24,(anonymous_5)
FN:27,(anonymous_6)
FN:30,(anonymous_7)
FN:34,(anonymous_8)
FNF:9
FNH:9
FNDA:65,(anonymous_0)
FNDA:9,(anonymous_1)
FNDA:5,(anonymous_2)
FNDA:1,(anonymous_3)
FNDA:1,(anonymous_4)
FNDA:1,(anonymous_5)
FNDA:5,(anonymous_6)
FNDA:12,(anonymous_7)
FNDA:1,(anonymous_8)
DA:4,9
DA:9,65
DA:10,65
DA:11,65
DA:14,9
DA:15,5
DA:19,1
DA:22,1
DA:25,1
DA:28,5
DA:31,12
DA:32,12
DA:35,1
DA:36,1
LF:14
LH:14
BRF:0
BRH:0
end_of_record
TN:
SF:src\Entities\Player\model.ts
FN:18,(anonymous_0)
FN:25,(anonymous_1)
FN:28,(anonymous_2)
FN:31,(anonymous_3)
FN:35,(anonymous_4)
FN:38,(anonymous_5)
FN:49,(anonymous_6)
FN:57,(anonymous_7)
FN:60,(anonymous_8)
FN:63,(anonymous_9)
FN:71,(anonymous_10)
FN:74,(anonymous_11)
FN:82,(anonymous_12)
FN:85,(anonymous_13)
FNF:14
FNH:14
FNDA:57,(anonymous_0)
FNDA:1,(anonymous_1)
FNDA:18,(anonymous_2)
FNDA:5,(anonymous_3)
FNDA:5,(anonymous_4)
FNDA:2,(anonymous_5)
FNDA:1,(anonymous_6)
FNDA:86,(anonymous_7)
FNDA:17,(anonymous_8)
FNDA:1,(anonymous_9)
FNDA:12,(anonymous_10)
FNDA:34,(anonymous_11)
FNDA:8,(anonymous_12)
FNDA:9,(anonymous_13)
DA:2,8
DA:5,8
DA:7,8
DA:9,8
DA:11,8
DA:13,57
DA:19,57
DA:20,57
DA:21,57
DA:22,57
DA:23,57
DA:26,1
DA:29,18
DA:32,5
DA:33,5
DA:36,5
DA:39,2
DA:40,1
DA:43,1
DA:50,1
DA:51,1
DA:58,86
DA:61,17
DA:64,1
DA:65,1
DA:72,12
DA:75,34
DA:76,34
DA:83,8
DA:86,9
DA:87,9
LF:31
LH:31
BRDA:39,0,0,1
BRDA:39,0,1,1
BRF:2
BRH:2
end_of_record
TN:
SF:src\Entities\Pool\model.ts
FN:10,(anonymous_0)
FN:14,(anonymous_1)
FN:17,(anonymous_2)
FN:23,(anonymous_3)
FN:25,(anonymous_4)
FN:46,(anonymous_5)
FN:49,(anonymous_6)
FN:50,(anonymous_7)
FN:53,(anonymous_8)
FNF:9
FNH:9
FNDA:46,(anonymous_0)
FNDA:25,(anonymous_1)
FNDA:3,(anonymous_2)
FNDA:24,(anonymous_3)
FNDA:14,(anonymous_4)
FNDA:42,(anonymous_5)
FNDA:8,(anonymous_6)
FNDA:11,(anonymous_7)
FNDA:5,(anonymous_8)
DA:2,5
DA:7,5
DA:11,46
DA:12,46
DA:15,25
DA:18,3
DA:25,24
DA:26,2
DA:31,2
DA:33,22
DA:36,22
DA:41,22
DA:42,8
DA:44,22
DA:47,42
DA:50,11
DA:51,8
DA:54,5
DA:55,5
LF:19
LH:19
BRDA:25,0,0,2
BRDA:41,1,0,8
BRF:2
BRH:2
end_of_record
TN:
SF:src\Entities\Row\model.ts
FN:10,(anonymous_0)
FN:13,(anonymous_1)
FN:16,(anonymous_2)
FN:19,(anonymous_3)
FN:36,(anonymous_4)
FN:39,(anonymous_5)
FN:47,(anonymous_6)
FNF:7
FNH:7
FNDA:81,(anonymous_0)
FNDA:2,(anonymous_1)
FNDA:77,(anonymous_2)
FNDA:16,(anonymous_3)
FNDA:43,(anonymous_4)
FNDA:2,(anonymous_5)
FNDA:60,(anonymous_6)
DA:2,5
DA:7,5
DA:9,81
DA:11,81
DA:14,2
DA:17,77
DA:20,16
DA:21,16
DA:22,0
DA:23,0
DA:29,16
DA:30,16
DA:37,43
DA:40,2
DA:41,10
DA:42,6
DA:45,2
DA:48,60
DA:49,60
DA:50,60
DA:51,82
DA:52,60
DA:58,22
DA:59,22
DA:62,0
LF:25
LH:22
BRDA:21,0,0,0
BRDA:41,1,0,6
BRDA:51,2,0,60
BRDA:51,2,1,22
BRF:4
BRH:3
end_of_record
TN:
SF:src\Entities\Stuff\model.ts
FN:6,(anonymous_0)
FN:10,(anonymous_1)
FN:22,(anonymous_2)
FN:25,(anonymous_3)
FN:27,(anonymous_4)
FN:30,(anonymous_5)
FN:34,(anonymous_6)
FN:35,(anonymous_7)
FN:39,(anonymous_8)
FN:43,(anonymous_9)
FNF:10
FNH:9
FNDA:51,(anonymous_0)
FNDA:16,(anonymous_1)
FNDA:0,(anonymous_2)
FNDA:4,(anonymous_3)
FNDA:212,(anonymous_4)
FNDA:396,(anonymous_5)
FNDA:1,(anonymous_6)
FNDA:103,(anonymous_7)
FNDA:392,(anonymous_8)
FNDA:10,(anonymous_9)
DA:4,5
DA:7,51
DA:11,16
DA:13,16
DA:15,1569
DA:17,1569
DA:18,1569
DA:19,1569
DA:23,0
DA:27,212
DA:32,396
DA:35,103
DA:36,1
DA:40,392
DA:41,392
DA:44,10
LF:16
LH:15
BRDA:27,0,0,4
BRDA:27,0,1,2
BRDA:32,1,0,396
BRDA:32,1,1,1
BRF:4
BRH:4
end_of_record
TN:
SF:src\Instruments\Creators\CardList.creator.ts
FN:4,cardListCreator
FN:14,howBadPoints
FNF:2
FNH:2
FNDA:57,cardListCreator
FNDA:4404,howBadPoints
DA:2,9
DA:4,9
DA:5,57
DA:6,57
DA:7,57
DA:8,4370
DA:9,4370
DA:11,57
DA:14,9
DA:15,4404
DA:16,1
DA:18,4403
DA:19,1
DA:21,4402
DA:22,4402
DA:23,43
DA:25,4359
DA:26,388
DA:28,3971
DA:29,419
DA:31,3552
DA:32,352
DA:34,3200
LF:23
LH:23
BRDA:15,0,0,1
BRDA:18,1,0,1
BRDA:22,2,0,43
BRDA:22,2,1,4359
BRDA:25,3,0,388
BRDA:25,3,1,3971
BRDA:28,4,0,419
BRDA:28,4,1,3552
BRDA:31,5,0,352
BRF:9
BRH:9
end_of_record
TN:
SF:src\consts\rules.ts
FN:7,(anonymous_0)
FN:12,(anonymous_1)
FN:16,(anonymous_2)
FNF:3
FNH:3
FNDA:6,(anonymous_0)
FNDA:6,(anonymous_1)
FNDA:6,(anonymous_2)
DA:1,6
DA:7,6
DA:8,6
DA:9,6
DA:12,6
DA:13,6
DA:16,6
DA:17,6
DA:18,6
LF:9
LH:9
BRDA:7,0,0,6
BRDA:7,0,1,6
BRDA:12,1,0,6
BRDA:12,1,1,6
BRDA:16,2,0,6
BRDA:16,2,1,6
BRF:6
BRH:6
end_of_record
TN:
SF:src\server\actions\doRoomAction.ts
FN:11,createShortRoomId
FN:16,doRoomAction
FNF:2
FNH:2
FNDA:2,createShortRoomId
FNDA:2,doRoomAction
DA:2,1
DA:4,1
DA:6,1
DA:7,1
DA:11,1
DA:12,2
DA:16,1
DA:17,2
DA:18,1
DA:24,1
DA:25,1
DA:26,1
DA:27,1
DA:29,1
DA:37,1
DA:38,1
DA:39,1
DA:41,1
DA:42,1
DA:43,1
LF:20
LH:20
BRDA:17,0,0,1
BRF:1
BRH:1
end_of_record
TN:
SF:src\server\actions\enterTheRoomAction.ts
FN:12,enterTheRoomAction
FN:15,(anonymous_1)
FNF:2
FNH:2
FNDA:2,enterTheRoomAction
FNDA:2,(anonymous_1)
DA:1,1
DA:3,1
DA:5,1
DA:8,1
DA:12,1
DA:13,2
DA:14,2
DA:15,2
DA:16,0
DA:22,2
DA:23,2
DA:24,2
DA:32,2
DA:33,2
DA:34,2
DA:35,2
DA:42,0
DA:50,0
DA:55,0
DA:56,0
LF:20
LH:15
BRDA:14,0,0,2
BRDA:14,0,1,0
BRDA:15,1,0,0
BRDA:22,2,0,2
BRDA:22,2,1,0
BRDA:22,3,0,2
BRDA:22,3,1,2
BRF:7
BRH:4
end_of_record
TN:
SF:src\server\actions\exitRoomAction.ts
FN:7,exitRoomAction
FN:15,(anonymous_1)
FNF:2
FNH:2
FNDA:1,exitRoomAction
FNDA:2,(anonymous_1)
DA:3,1
DA:7,1
DA:9,1
DA:10,1
DA:11,1
DA:14,1
DA:15,2
DA:16,1
DA:18,1
DA:19,0
DA:20,0
DA:21,0
DA:22,0
DA:26,1
DA:27,2
DA:28,1
DA:31,1
DA:32,1
DA:33,1
DA:35,1
LF:20
LH:16
BRDA:10,0,0,1
BRDA:11,1,0,0
BRDA:18,2,0,0
BRDA:20,3,0,0
BRDA:27,4,0,1
BRF:5
BRH:2
end_of_record
TN:
SF:src\server\actions\logInAction.ts
FN:9,logInAction
FNF:1
FNH:1
FNDA:2,logInAction
DA:1,1
DA:2,1
DA:4,1
DA:7,1
DA:9,1
DA:10,2
DA:11,2
DA:14,2
DA:15,1
DA:23,1
DA:24,1
DA:31,1
DA:36,1
DA:37,1
LF:14
LH:14
BRDA:14,0,0,1
BRDA:14,0,1,1
BRF:2
BRH:2
end_of_record
TN:
SF:src\server\actions\registrationAction.ts
FN:7,registrationAction
FNF:1
FNH:1
FNDA:1,registrationAction
DA:1,1
DA:2,1
DA:5,1
DA:7,1
DA:8,1
DA:10,1
DA:13,1
DA:14,0
DA:19,0
DA:23,1
DA:26,1
DA:29,1
DA:32,1
DA:37,1
LF:14
LH:12
BRDA:13,0,0,0
BRDA:13,0,1,1
BRF:2
BRH:1
end_of_record
TN:
SF:src\server\actions\startTheGameAction.ts
FN:11,startTheGameAction
FNF:1
FNH:1
FNDA:1,startTheGameAction
DA:5,1
DA:7,1
DA:8,1
DA:9,1
DA:11,1
DA:12,1
DA:13,0
DA:19,1
DA:20,0
DA:27,1
DA:28,1
DA:29,1
DA:30,1
DA:31,1
DA:32,2
DA:34,1
DA:35,2
DA:36,2
DA:38,1
LF:19
LH:17
BRDA:12,0,0,0
BRDA:12,0,1,1
BRDA:19,1,0,0
BRDA:19,1,1,1
BRF:4
BRH:2
end_of_record
TN:
SF:src\server\entities\user\model.ts
FN:13,(anonymous_0)
FN:22,(anonymous_1)
FN:25,(anonymous_2)
FN:28,(anonymous_3)
FN:32,(anonymous_4)
FN:35,(anonymous_5)
FN:39,(anonymous_6)
FN:42,(anonymous_7)
FN:45,(anonymous_8)
FN:49,(anonymous_9)
FN:52,(anonymous_10)
FN:55,(anonymous_11)
FN:59,(anonymous_12)
FN:63,(anonymous_13)
FNF:14
FNH:12
FNDA:9,(anonymous_0)
FNDA:2,(anonymous_1)
FNDA:1,(anonymous_2)
FNDA:0,(anonymous_3)
FNDA:0,(anonymous_4)
FNDA:3,(anonymous_5)
FNDA:13,(anonymous_6)
FNDA:11,(anonymous_7)
FNDA:1,(anonymous_8)
FNDA:4,(anonymous_9)
FNDA:2,(anonymous_10)
FNDA:4,(anonymous_11)
FNDA:6,(anonymous_12)
FNDA:6,(anonymous_13)
DA:5,3
DA:14,9
DA:15,9
DA:16,9
DA:17,9
DA:18,9
DA:19,9
DA:20,9
DA:23,2
DA:26,1
DA:29,0
DA:30,0
DA:33,0
DA:36,3
DA:37,3
DA:40,13
DA:43,11
DA:46,1
DA:47,1
DA:50,4
DA:53,2
DA:56,4
DA:57,4
DA:60,6
DA:61,6
DA:64,6
LF:26
LH:23
BRF:0
BRH:0
end_of_record
TN:
SF:src\tests\entitites\helpers\playersIdGenerator.ts
FN:1,playersIdGenerator
FNF:1
FNH:1
FNDA:53,playersIdGenerator
DA:1,6
DA:2,53
LF:2
LH:2
BRF:0
BRH:0
end_of_record
TN:
SF:src\tests\entitites\helpers\playersInfoGenerator.ts
FN:4,playersInfoGenerator
FNF:1
FNH:1
FNDA:54,playersInfoGenerator
DA:2,6
DA:4,6
DA:5,54
DA:6,54
DA:7,54
DA:8,54
DA:12,54
LF:7
LH:7
BRF:0
BRH:0
end_of_record
